<?xml version="1.0" encoding="UTF-8"?>
<!-- Generated by org.testng.reporters.JUnitReportReporter -->
<testsuite hostname="DESKTOP-K2BT05N" failures="0" tests="1" name="ATecommerce_project.Proj1.Test1" time="80.815" errors="0" timestamp="2023-12-30T11:06:22 IST" skipped="0">
  <testcase classname="ATecommerce_project.Proj1.Test1" name="Testbestbuy" time="80.815"/>
</testsuite> <!-- ATecommerce_project.Proj1.Test1 -->
