<?xml version="1.0" encoding="UTF-8"?>
<!-- Generated by org.testng.reporters.JUnitReportReporter -->
<testsuite hostname="DESKTOP-MUER2U5" failures="0" tests="1" name="ATecommerce_project.Proj1.Test1" time="180.357" errors="0" timestamp="2024-01-09T10:02:55 IST" skipped="0">
  <testcase classname="ATecommerce_project.Proj1.Test1" name="Signup" time="180.357"/>
</testsuite> <!-- ATecommerce_project.Proj1.Test1 -->
